1                                           The SAS System            08:01 Wednesday, October 7, 2020

NOTE: Copyright (c) 2002-2012 by SAS Institute Inc., Cary, NC, USA. 
NOTE: SAS (r) Proprietary Software 9.4 (TS1M4) 
      Licensed to KAISER PART OF  1700 USERS/SA PROD NDC GRID, Site 70220285.
NOTE: This session is executing on the X64_10PRO  platform.



NOTE: Updated analytical products:
      
      SAS/STAT 14.2
      SAS/ETS 14.2
      SAS/OR 14.2
      SAS/IML 14.2
      SAS/QC 14.2

NOTE: Additional host information:

 X64_10PRO WIN 10.0.17134  Workstation

NOTE: SAS initialization used:
      real time           4.51 seconds
      cpu time            3.85 seconds
      
NOTE: A byte-order mark in the file "H:\HCSRN-VDW-to-OHDSI-OMOP\sas_etl\0-edit-run-main.sas" (for 
      fileref "#LN00005") indicates that the data is encoded in "utf-16le".  This encoding will be 
      used to process the file.
1          /*********************************************
2          * John Weeks
3          * Kaiser Permanente Washington Health Research Institute
4          * (206) 287-2711
5          * John.M.Weeks@kp.org
6          *
7          *
8          *
9          * Purpose:: Populates variables with user's parameters
10         * Date Created:: 2019-09-05
11         *********************************************/
12         
13         /* remove in production */
14         %include "\\home.ghc.org\home$\weekjm1\sas\scripts\sasntlogon.sas";
31         %include "&GHRIDW_ROOT.\remote\RemoteStart.sas";

FYI: USER REQUESTED CURRENT ROUND ROBIN VM
NOTE: PROCEDURE SQL used (Total process time):
      real time           0.51 seconds
      cpu time            0.25 seconds
      

FYI: GHRI VM IP ADDRESS IS: 10.1.179.23     USING HOST: ROC70F
use GHRIDWIP global variable in your SAS/CONNECT code.
use GHRIHOST global variable to identify the specific host you are using.
NOTE: Remote signon to GHRIDWIP commencing (SAS Release 9.04.01M4P110916).
NOTE: Script file 'tcpwin.scr' entered.
NOTE: Logged onto Windows... Starting remote SAS now.
NOTE: SAS/CONNECT conversation established.
NOTE: Copyright (c) 2002-2012 by SAS Institute Inc., Cary, NC, USA. 
NOTE: SAS (r) Proprietary Software 9.4 (TS1M4) 
      Licensed to KAISER PART OF  1700 USERS/SA PROD NDC GRID, Site 70220285.
NOTE: This session is executing on the X64_7PRO  platform.



NOTE: Updated analytical products:
      
      SAS/STAT 14.2
      SAS/ETS 14.2
      SAS/OR 14.2
      SAS/IML 14.2
      SAS/QC 14.2

NOTE: Additional host information:

 X64_7PRO WIN 6.1.7601 Service Pack 1 Workstation

NOTE: SAS initialization used:
      real time           0.30 seconds
      cpu time            0.25 seconds
      
NOTE: Remote signon to GHRIDWIP complete.
2                                           The SAS System            08:01 Wednesday, October 7, 2020

NOTE: Remote submit to GHRIDWIP commencing.
1    /* Std Vars JIFFI */
2    %include "&GHRIDW_ROOT./sasdata/crn_vdw/lib/StdVars_JIFFI.sas";
NOTE: connecting to teradata with your NUID.
NOTE: Libref __TDVDW was successfully assigned as follows: 
      Engine:        TERADATA 
      Physical Name: edwtdp
NOTE: Libref __VDW was successfully assigned as follows: 
      Engine:        V9 
      Physical Name: \\ghcmaster\ghri\Warehouse\sasdata\crn_vdw
NOTE: PROCEDURE SQL used (Total process time):
      real time           0.00 seconds
      cpu time            0.00 seconds
      

NOTE: Libref __VDW was successfully assigned as follows: 
      Engine:        TERADATA 
      Physical Name: edwtdp
366  
367  /* RCM Standard Variables */
368  %include "&GHRIDW_ROOT.\Sasdata\CRN_VDW\lib\StdVars_RCMandCNTRS.sas";
435  
436  
437  
438  /* EDIT SECTION */
439  /* VDW standard variable inclusion */
440  /* *%include "VDW standard vars"; */
441  
442  options
3                                           The SAS System            08:01 Wednesday, October 7, 2020

443    linesize  = 150
444    msglevel  = i
445    formchar  = '|-++++++++++=|-/|<>*'
446    dsoptions = note2err
447    nocenter
448    noovp
449    nosqlremerge
450    extendobscounter = no
451  ;
452  
453  /* Root location of folder HCSRN VDW to OHDSI OMOP */
454  %let root=\\home.ghc.org\home$\weekjm1;
455  
456  /* library for code */
457  %let rt=&root.\HCSRN-VDW-to-OHDSI-OMOP\;
458  
459  libname etl "&rt.sas_etl";
NOTE: Libref ETL was successfully assigned as follows: 
      Engine:        V9 
      Physical Name: \\home.ghc.org\home$\weekjm1\HCSRN-VDW-to-OHDSI-OMOP\sas_etl
460  libname dat "&rt.sas_dat";
NOTE: Libref DAT was successfully assigned as follows: 
      Engine:        V9 
      Physical Name: \\home.ghc.org\home$\weekjm1\HCSRN-VDW-to-OHDSI-OMOP\sas_dat
461  libname omop "&rt.omop_files";
NOTE: Libref OMOP was successfully assigned as follows: 
      Engine:        V9 
      Physical Name: \\home.ghc.org\home$\weekjm1\HCSRN-VDW-to-OHDSI-OMOP\omop_files
462  libname vocab "&rt.omop_vocab";
NOTE: Libref VOCAB was successfully assigned as follows: 
      Engine:        V9 
      Physical Name: \\home.ghc.org\home$\weekjm1\HCSRN-VDW-to-OHDSI-OMOP\omop_vocab
NOTE: A byte-order mark in the file 
"\\home.ghc.org\home$\weekjm1\HCSRN-VDW-to-OHDSI-OMOP\\sas_etl\1-load-OMOP.sas" (for fileref 
"#LN00039") 
      indicates that the data is encoded in "utf-16le".  This encoding will be used to process the 
file.
463  
464  /* Run Build */
465  %include "&rt./sas_etl/1-load-OMOP.sas";
NOTE: SAS threaded sort was used.
NOTE: Table OMOP.LOCATION created, with 134352 rows and 8 columns.

NOTE: PROCEDURE SQL used (Total process time):
      real time           0.93 seconds
      cpu time            0.51 seconds
      

NOTE: Table OMOP.LOCATION_POS_BRIDGE created, with 209394 rows and 2 columns.

NOTE: PROCEDURE SQL used (Total process time):
      real time           8.09 seconds
      cpu time            0.53 seconds
      
4                                           The SAS System            08:01 Wednesday, October 7, 2020


NOTE: SAS threaded sort was used.
NOTE: Table WORK.UNQ_CARE_SITE created, with 209203 rows and 5 columns.

NOTE: PROCEDURE SQL used (Total process time):
      real time           1.77 seconds
      cpu time            1.17 seconds
      

NOTE: Table OMOP.CARE_SITE created, with 209203 rows and 6 columns.

NOTE: PROCEDURE SQL used (Total process time):
      real time           0.32 seconds
      cpu time            0.15 seconds
      

NOTE: Table WORK.UNQ_PROVIDER created, with 317544 rows and 12 columns.

NOTE: PROCEDURE SQL used (Total process time):
      real time           4.83 seconds
      cpu time            0.96 seconds
      

NOTE: Table OMOP.PROVIDER created, with 317544 rows and 13 columns.

NOTE: PROCEDURE SQL used (Total process time):
      real time           1.58 seconds
      cpu time            0.81 seconds
      

NOTE: A CASE expression has no ELSE clause. Cases not accounted for by the WHEN clauses will result 
in a missing value for the CASE expression.
NOTE: Invalid (or missing) arguments to the YEAR function have caused the function to return a 
missing value.
NOTE: Invalid (or missing) arguments to the MONTH function have caused the function to return a 
missing value.
NOTE: Invalid (or missing) arguments to the DAY function have caused the function to return a missing 
value.
WARNING: Statement terminated early due to OUTOBS=100 option.
NOTE: Table OMOP.PERSON created, with 100 rows and 18 columns.

NOTE: PROCEDURE SQL used (Total process time):
      real time           25.00 seconds
      cpu time            0.04 seconds
      

NOTE: SAS threaded sort was used.
NOTE: Table OMOP.VISIT_OCCURRENCE created, with 6823 rows and 17 columns.

NOTE: PROCEDURE SQL used (Total process time):
      real time           13.63 seconds
      cpu time            0.35 seconds
      

5                                           The SAS System            08:01 Wednesday, October 7, 2020

NOTE: SAS threaded sort was used.
NOTE: Table OMOP.CONDITION_OCCURRENCE created, with 36475 rows and 15 columns.

NOTE: PROCEDURE SQL used (Total process time):
      real time           14.08 seconds
      cpu time            0.82 seconds
      

NOTE: SAS threaded sort was used.
NOTE: Table OMOP.PROCEDURE_OCCURRENCE created, with 84545 rows and 13 columns.

NOTE: PROCEDURE SQL used (Total process time):
      real time           32.18 seconds
      cpu time            1.64 seconds
      

NOTE: SAS threaded sort was used.
NOTE: Table OMOP.DEATH created, with 79 rows and 8 columns.

NOTE: PROCEDURE SQL used (Total process time):
      real time           6.52 seconds
      cpu time            2.57 seconds
      

NOTE: SAS threaded sort was used.
NOTE: Table OMOP.DRUG_EXPOSURE created, with 6597 rows and 22 columns.

NOTE: PROCEDURE SQL used (Total process time):
      real time           16.10 seconds
      cpu time            3.46 seconds
      

NOTE: SAS threaded sort was used.
NOTE: Table OMOP.SPECIMEN created, with 4739 rows and 15 columns.

NOTE: PROCEDURE SQL used (Total process time):
      real time           34.71 seconds
      cpu time            16.68 seconds
      

NOTE: Table OMOP.PAYER_PLAN_PERIOD created, with 562 rows and 7 columns.

NOTE: PROCEDURE SQL used (Total process time):
      real time           3.00 seconds
      cpu time            0.03 seconds
      

NOTE: Remote submit to GHRIDWIP complete.
6                                           The SAS System            08:01 Wednesday, October 7, 2020

NOTE: SAS Institute Inc., SAS Campus Drive, Cary, NC USA 27513-2414
NOTE: The SAS System used:
      real time           3:00.07
      cpu time            5.87 seconds
      
